PRT1
79
212
3 0 5 (416 3552 960.082336 ) (416 3552 768 ) (416 3535.993164 768 ) 
5 0 3 (416 3552 992 ) (416 3552 960.082336 ) (416 3535.993164 768 ) (416 3488 768 ) (416 3488 992 ) 
4 0 1 (416 3488 992 ) (416 3488 768 ) (480 3488 768 ) (480 3488 992 ) 
4 1 6 (480 3072 576 ) (480 3072 992 ) (416 3072 992 ) (416 3072 576 ) 
4 1 3 (416 3232 992 ) (416 3488 992 ) (416 3488 576 ) (416 3232 576 ) 
4 1 4 (416 3072 576 ) (416 3072 992 ) (416 3232 992 ) (416 3232 576 ) 
4 1 2 (416 3072 576 ) (416 3488 576 ) (448 3488 576 ) (448 3072 576 ) 
3 2 7 (416 3072 192 ) (448 3072 576 ) (416 3072 576 ) 
4 2 3 (416 3488 192 ) (416 3232 192 ) (416 3232 576 ) (416 3488 576 ) 
4 2 4 (416 3232 192 ) (416 3072 192 ) (416 3072 576 ) (416 3232 576 ) 
5 3 9 (0 3232 992 ) (0 3552 992 ) (0 3552 960.082092 ) (0 3494.267578 267.294128 ) (0 3232 267.294128 ) 
4 3 5 (0 3552 960.081055 ) (416 3552 960.081055 ) (416 3519.993164 576 ) (0 3519.993164 576 ) 
5 3 4 (256 3232 192 ) (416 3232 192 ) (416 3232 992 ) (0 3232 992 ) (0 3232 267.294189 ) 
4 4 10 (0 3072 192 ) (0 3072 992 ) (0 3232 992 ) (0 3232 192 ) 
4 4 7 (0 3072 576 ) (0 3072 192 ) (416 3072 192 ) (416 3072 576 ) 
4 4 6 (0 3072 992 ) (0 3072 576 ) (416 3072 576 ) (416 3072 992 ) 
3 5 14 (0 3552 960.082092 ) (0 3552 576 ) (0 3519.993164 576 ) 
4 6 36 (0 2048 992 ) (0 2048 576 ) (480 2048 576 ) (480 2048 992 ) 
4 6 15 (0 2048 576 ) (0 2048 992 ) (0 3072 992 ) (0 3072 576 ) 
4 6 7 (0 3072 576 ) (448 3072 576 ) (448 2048 576 ) (0 2048 576 ) 
4 7 37 (0 2048 576 ) (0 2048 192 ) (416 2048 192 ) (448 2048 576 ) 
4 7 19 (0 2048 192 ) (0 2048 320 ) (0 3072 320 ) (0 3072 192 ) 
4 7 15 (0 2048 320 ) (0 2048 576 ) (0 3072 576 ) (0 3072 320 ) 
4 7 8 (0 2048 192 ) (0 2816 192 ) (256 2816 192 ) (256 2048 192 ) 
4 8 38 (0 2048 192 ) (0 2048 32 ) (256 2048 32 ) (256 2048 192 ) 
4 8 26 (0 2048 32 ) (0 2080 192 ) (0 2528 192 ) (0 2560 32 ) 
4 8 24 (0 2528 192 ) (0 2816 192 ) (0 2816 32 ) (0 2560 32 ) 
3 8 23 (0 2048 32 ) (0 2048 192 ) (0 2080 192 ) 
4 9 14 (-288 3519.992920 576 ) (-288 3552 960.083984 ) (0 3552 960.084045 ) (0 3519.992920 576 ) 
5 9 11 (-288 3232 992 ) (-288 3552 992 ) (-288 3552 960.078186 ) (-288 3501.326660 352 ) (-288 3232 352 ) 
4 9 10 (-288 3232 992 ) (-288 3232 352 ) (0 3232 267.294128 ) (0 3232 992 ) 
4 10 19 (0 3072 192 ) (0 3072 320 ) (-288 3072 320 ) (-288 3072 192 ) 
4 10 15 (0 3072 320 ) (0 3072 992 ) (-288 3072 992 ) (-288 3072 320 ) 
4 10 11 (-288 3072 992 ) (-288 3232 992 ) (-288 3232 352 ) (-288 3072 352 ) 
4 11 16 (-288 3072 992 ) (-736 3072 992 ) (-736 3072 352 ) (-288 3072 352 ) 
4 11 14 (-736 3519.993164 576 ) (-736 3552 960.083984 ) (-288 3552 960.083923 ) (-288 3519.993164 576 ) 
5 11 12 (-736 3232 992 ) (-736 3552 992 ) (-736 3552 960.078064 ) (-736 3501.326904 352 ) (-736 3232 352 ) 
4 11 13 (-736 3072 992 ) (-736 3232 992 ) (-736 3232 352 ) (-736 3072 352 ) 
5 12 27 (-1024 3232 992 ) (-1024 3552 992 ) (-1024 3552 960.083801 ) (-1024 3494.267822 267.294067 ) (-1024 3232 267.294098 ) 
4 12 14 (-1024 3519.992920 576 ) (-1024 3552 960.083984 ) (-736 3552 960.084045 ) (-736 3519.992920 576 ) 
4 12 13 (-736 3232 352 ) (-736 3232 992 ) (-1024 3232 992 ) (-1024 3232 267.294128 ) 
4 13 28 (-1024 3072 192 ) (-1024 3072 992 ) (-1024 3232 992 ) (-1024 3232 192 ) 
4 13 22 (-1024 3072 320 ) (-1024 3072 192 ) (-736 3072 192 ) (-736 3072 320 ) 
4 13 18 (-736 3072 992 ) (-1024 3072 992 ) (-1024 3072 320 ) (-736 3072 320 ) 
3 14 29 (-1024 3519.993164 576 ) (-1024 3552 960.083496 ) (-1024 3552 576 ) 
4 15 48 (0 2048 320 ) (0 2048 992 ) (-288 2048 992 ) (-288 2048 320 ) 
4 15 19 (0 3072 320 ) (0 2048 320 ) (-288 2048 320 ) (-288 3072 320 ) 
4 15 16 (-288 2080 352 ) (-288 2080 992 ) (-288 3072 992 ) (-288 3072 352 ) 
4 15 17 (-288 2080 320 ) (-288 2048 320 ) (-288 2048 992 ) (-288 2080 992 ) 
4 16 17 (-736 2080 992 ) (-736 2080 352 ) (-288 2080 352 ) (-288 2080 992 ) 
4 16 18 (-736 2080 352 ) (-736 2080 992 ) (-736 3072 992 ) (-736 3072 352 ) 
4 17 48 (-288 2048 992 ) (-736 2048 992 ) (-736 2048 320 ) (-288 2048 320 ) 
4 17 21 (-288 2048 320 ) (-736 2048 320 ) (-736 2080 320 ) (-288 2080 320 ) 
4 17 18 (-736 2080 320 ) (-736 2048 320 ) (-736 2048 992 ) (-736 2080 992 ) 
4 18 48 (-736 2048 992 ) (-1024 2048 992 ) (-1024 2048 320 ) (-736 2048 320 ) 
4 18 34 (-1024 2048 320 ) (-1024 2048 576 ) (-1024 3072 576 ) (-1024 3072 320 ) 
4 18 33 (-1024 2048 576 ) (-1024 2048 992 ) (-1024 3072 992 ) (-1024 3072 576 ) 
4 18 22 (-736 2048 320 ) (-1024 2048 320 ) (-1024 3072 320 ) (-736 3072 320 ) 
4 19 48 (0 2048 192 ) (0 2048 320 ) (-288 2048 320 ) (-288 2048 192 ) 
4 19 26 (-288 2080 192 ) (-288 2528 192 ) (0 2528 192 ) (0 2080 192 ) 
4 19 24 (-288 2528 192 ) (-288 2816 192 ) (0 2816 192 ) (0 2528 192 ) 
4 19 23 (0 2048 192 ) (-288 2048 192 ) (-288 2080 192 ) (0 2080 192 ) 
4 19 21 (-288 2080 192 ) (-288 2048 192 ) (-288 2048 320 ) (-288 2080 320 ) 
4 19 20 (-288 2816 192 ) (-288 2528 192 ) (-288 2528 320 ) (-288 2816 320 ) 
4 20 24 (-736 2528 192 ) (-736 2816 192 ) (-288 2816 192 ) (-288 2528 192 ) 
4 20 22 (-736 2816 192 ) (-736 2528 192 ) (-736 2528 320 ) (-736 2816 320 ) 
4 21 48 (-288 2048 320 ) (-736 2048 320 ) (-736 2048 192 ) (-288 2048 192 ) 
4 21 23 (-288 2048 192 ) (-736 2048 192 ) (-736 2080 192 ) (-288 2080 192 ) 
4 21 22 (-736 2080 192 ) (-736 2048 192 ) (-736 2048 320 ) (-736 2080 320 ) 
4 22 48 (-736 2048 320 ) (-1024 2048 320 ) (-1024 2048 192 ) (-736 2048 192 ) 
4 22 34 (-1024 2048 192 ) (-1024 2048 320 ) (-1024 3072 320 ) (-1024 3072 192 ) 
4 22 25 (-1024 2080 192 ) (-1024 2528 192 ) (-736 2528 192 ) (-736 2080 192 ) 
4 22 24 (-1024 2528 192 ) (-1024 2816 192 ) (-736 2816 192 ) (-736 2528 192 ) 
4 22 23 (-736 2048 192 ) (-1024 2048 192 ) (-1024 2080 192 ) (-736 2080 192 ) 
4 23 48 (0 2048 32 ) (0 2048 192 ) (-1024 2048 192 ) (-1024 2048 32 ) 
3 23 35 (-1024 2048 32 ) (-1024 2048 192 ) (-1024 2080 192 ) 
4 23 26 (0 2048 32 ) (-256 2048 32 ) (-288 2080 192 ) (0 2080 192 ) 
4 23 25 (-768 2048 32 ) (-1024 2048 32 ) (-1024 2080 192 ) (-736 2080 192 ) 
4 24 35 (-1024 2528 192 ) (-1024 2816 192 ) (-1024 2816 32 ) (-1024 2560 32 ) 
4 24 26 (-256 2560 32 ) (0 2560 32 ) (0 2528 192 ) (-288 2528 192 ) 
4 24 25 (-1024 2560 32 ) (-768 2560 32 ) (-736 2528 192 ) (-1024 2528 192 ) 
4 25 35 (-1024 2048 32 ) (-1024 2080 192 ) (-1024 2528 192 ) (-1024 2560 32 ) 
5 27 32 (-1440 3488 192.082031 ) (-1440 3487.993164 192 ) (-1440 3232 192 ) (-1440 3232 576 ) (-1440 3488 576 ) 
4 27 31 (-1440 3232 576 ) (-1440 3232 992 ) (-1440 3488 992 ) (-1440 3488 576 ) 
5 27 30 (-1440 3552 992 ) (-1440 3552 960.082092 ) (-1440 3535.993164 768 ) (-1440 3488 768 ) (-1440 3488 992 ) 
4 27 29 (-1440 3519.993408 576 ) (-1440 3552 960.078125 ) (-1024 3552 960.078186 ) (-1024 3519.993408 576 ) 
5 27 28 (-1024 3232 992 ) (-1440 3232 992 ) (-1440 3232 192 ) (-1280 3232 192 ) (-1024 3232 267.294098 ) 
4 28 34 (-1024 3072 192 ) (-1024 3072 576 ) (-1440 3072 576 ) (-1440 3072 192 ) 
4 28 33 (-1024 3072 576 ) (-1024 3072 992 ) (-1440 3072 992 ) (-1440 3072 576 ) 
4 28 32 (-1440 3232 192 ) (-1440 3072 192 ) (-1440 3072 576 ) (-1440 3232 576 ) 
4 28 31 (-1440 3072 576 ) (-1440 3072 992 ) (-1440 3232 992 ) (-1440 3232 576 ) 
3 29 30 (-1440 3552 960.082092 ) (-1440 3552 768 ) (-1440 3535.993164 768 ) 
4 30 31 (-1504 3488 992 ) (-1504 3488 768 ) (-1440 3488 768 ) (-1440 3488 992 ) 
4 31 33 (-1504 3072 992 ) (-1504 3072 576 ) (-1440 3072 576 ) (-1440 3072 992 ) 
4 31 32 (-1472 3488 576 ) (-1440 3488 576 ) (-1440 3072 576 ) (-1472 3072 576 ) 
3 32 34 (-1440 3072 192 ) (-1440 3072 576 ) (-1472 3072 576 ) 
4 33 61 (-1024 2048 576 ) (-1024 2048 992 ) (-1504 2048 992 ) (-1504 2048 576 ) 
4 33 34 (-1024 2048 576 ) (-1472 2048 576 ) (-1472 3072 576 ) (-1024 3072 576 ) 
4 34 62 (-1024 2048 192 ) (-1024 2048 576 ) (-1472 2048 576 ) (-1440 2048 192 ) 
4 34 35 (-1024 2816 192 ) (-1024 2048 192 ) (-1280 2048 192 ) (-1280 2816 192 ) 
4 35 63 (-1024 2048 32 ) (-1024 2048 192 ) (-1280 2048 192 ) (-1280 2048 32 ) 
4 36 48 (0 2048 992 ) (0 2048 576 ) (0 1024 576 ) (0 1024 992 ) 
4 36 39 (0 1024 992 ) (0 1024 576 ) (480 1024 576 ) (480 1024 992 ) 
4 36 37 (0 1024 576 ) (0 2048 576 ) (448 2048 576 ) (448 1024 576 ) 
4 37 48 (0 2048 576 ) (0 2048 192 ) (0 1024 192 ) (0 1024 576 ) 
4 37 40 (0 1024 576 ) (0 1024 192 ) (416 1024 192 ) (448 1024 576 ) 
4 37 38 (256 1024 192 ) (0 1024 192 ) (0 2048 192 ) (256 2048 192 ) 
4 38 48 (0 2048 192 ) (0 2048 32 ) (0 1024 32 ) (0 1024 192 ) 
4 38 41 (0 1024 192 ) (0 1024 32 ) (256 1024 32 ) (256 1024 192 ) 
4 39 49 (0 0 576 ) (0 0 992 ) (0 1024 992 ) (0 1024 576 ) 
4 39 45 (0 0 992 ) (0 0 576 ) (416 0 576 ) (416 0 992 ) 
4 39 42 (416 0 576 ) (480 0 576 ) (480 0 992 ) (416 0 992 ) 
4 39 40 (0 1024 576 ) (448 1024 576 ) (448 0 576 ) (0 0 576 ) 
4 40 53 (0 0 192 ) (0 0 320 ) (0 1024 320 ) (0 1024 192 ) 
4 40 49 (0 0 320 ) (0 0 576 ) (0 1024 576 ) (0 1024 320 ) 
4 40 45 (0 0 576 ) (0 0 192 ) (416 0 192 ) (416 0 576 ) 
3 40 43 (416 0 192 ) (448 0 576 ) (416 0 576 ) 
4 40 41 (0 256 192 ) (0 1024 192 ) (256 1024 192 ) (256 256 192 ) 
4 41 60 (0 544 192 ) (0 992 192 ) (0 1024 32 ) (0 512 32 ) 
4 41 58 (0 256 192 ) (0 544 192 ) (0 512 32 ) (0 256 32 ) 
3 41 57 (0 992 192 ) (0 1024 192 ) (0 1024 32 ) 
4 42 46 (416 -160 576 ) (416 -416 576 ) (416 -416 992 ) (416 -160 992 ) 
4 42 45 (416 0 992 ) (416 0 576 ) (416 -160 576 ) (416 -160 992 ) 
4 42 44 (416 -416 992 ) (416 -416 768 ) (480 -416 768 ) (480 -416 992 ) 
4 42 43 (448 -416 576 ) (416 -416 576 ) (416 0 576 ) (448 0 576 ) 
4 43 46 (416 -160 192 ) (416 -416 192 ) (416 -416 576 ) (416 -160 576 ) 
4 43 45 (416 0 576 ) (416 0 192 ) (416 -160 192 ) (416 -160 576 ) 
3 44 47 (416 -480 768 ) (416 -480 960 ) (416 -464 768 ) 
5 44 46 (416 -480 960 ) (416 -480 992 ) (416 -416 992 ) (416 -416 768 ) (416 -464 768 ) 
4 45 67 (0 0 992 ) (0 0 192 ) (0 -160 192 ) (0 -160 992 ) 
5 45 46 (256 -160 192 ) (416 -160 192 ) (416 -160 992 ) (0 -160 992 ) (0 -160 267.294189 ) 
5 46 68 (0 -422.274506 267.294128 ) (0 -480 960 ) (0 -480 992 ) (0 -160 992 ) (0 -160 267.294189 ) 
4 46 47 (416 -448 576 ) (416 -480 960 ) (0 -480 960 ) (0 -448 576 ) 
3 47 72 (0 -480 576 ) (0 -480 960 ) (0 -448 576 ) 
4 48 63 (-1024 2048 192 ) (-1024 2048 32 ) (-1024 1024 32 ) (-1024 1024 192 ) 
4 48 62 (-1024 2048 576 ) (-1024 2048 192 ) (-1024 1024 192 ) (-1024 1024 576 ) 
4 48 61 (-1024 2048 992 ) (-1024 2048 576 ) (-1024 1024 576 ) (-1024 1024 992 ) 
4 48 57 (0 1024 32 ) (0 1024 192 ) (-1024 1024 192 ) (-1024 1024 32 ) 
4 48 54 (-288 1024 320 ) (-736 1024 320 ) (-736 1024 192 ) (-288 1024 192 ) 
4 48 53 (0 1024 192 ) (0 1024 320 ) (-288 1024 320 ) (-288 1024 192 ) 
4 48 56 (-736 1024 320 ) (-1024 1024 320 ) (-1024 1024 192 ) (-736 1024 192 ) 
4 48 50 (-288 1024 992 ) (-736 1024 992 ) (-736 1024 320 ) (-288 1024 320 ) 
4 48 49 (0 1024 320 ) (0 1024 992 ) (-288 1024 992 ) (-288 1024 320 ) 
4 48 52 (-736 1024 992 ) (-1024 1024 992 ) (-1024 1024 320 ) (-736 1024 320 ) 
4 49 67 (0 0 320 ) (0 0 992 ) (-288 0 992 ) (-288 0 320 ) 
4 49 53 (0 0 320 ) (-288 0 320 ) (-288 1024 320 ) (0 1024 320 ) 
4 49 51 (-288 0 352 ) (-288 0 992 ) (-288 992 992 ) (-288 992 352 ) 
4 49 50 (-288 1024 320 ) (-288 992 320 ) (-288 992 992 ) (-288 1024 992 ) 
4 50 54 (-736 992 320 ) (-736 1024 320 ) (-288 1024 320 ) (-288 992 320 ) 
4 50 51 (-736 992 992 ) (-736 992 352 ) (-288 992 352 ) (-288 992 992 ) 
4 50 52 (-736 1024 320 ) (-736 992 320 ) (-736 992 992 ) (-736 1024 992 ) 
4 51 69 (-288 0 992 ) (-736 0 992 ) (-736 0 352 ) (-288 0 352 ) 
4 51 52 (-736 0 352 ) (-736 0 992 ) (-736 992 992 ) (-736 992 352 ) 
4 52 70 (-736 0 992 ) (-1024 0 992 ) (-1024 0 320 ) (-736 0 320 ) 
4 52 65 (-1024 0 320 ) (-1024 0 576 ) (-1024 1024 576 ) (-1024 1024 320 ) 
4 52 64 (-1024 0 576 ) (-1024 0 992 ) (-1024 1024 992 ) (-1024 1024 576 ) 
4 52 56 (-736 0 320 ) (-1024 0 320 ) (-1024 1024 320 ) (-736 1024 320 ) 
4 53 67 (0 0 192 ) (0 0 320 ) (-288 0 320 ) (-288 0 192 ) 
4 53 60 (0 992 192 ) (0 544 192 ) (-288 544 192 ) (-288 992 192 ) 
4 53 58 (0 544 192 ) (0 256 192 ) (-288 256 192 ) (-288 544 192 ) 
4 53 57 (-288 1024 192 ) (0 1024 192 ) (0 992 192 ) (-288 992 192 ) 
4 53 55 (-288 544 192 ) (-288 256 192 ) (-288 256 320 ) (-288 544 320 ) 
4 53 54 (-288 1024 192 ) (-288 992 192 ) (-288 992 320 ) (-288 1024 320 ) 
4 54 57 (-736 1024 192 ) (-288 1024 192 ) (-288 992 192 ) (-736 992 192 ) 
4 54 56 (-736 1024 192 ) (-736 992 192 ) (-736 992 320 ) (-736 1024 320 ) 
4 55 58 (-288 544 192 ) (-288 256 192 ) (-736 256 192 ) (-736 544 192 ) 
4 55 56 (-736 544 192 ) (-736 256 192 ) (-736 256 320 ) (-736 544 320 ) 
4 56 70 (-736 0 320 ) (-1024 0 320 ) (-1024 0 192 ) (-736 0 192 ) 
4 56 65 (-1024 0 192 ) (-1024 0 320 ) (-1024 1024 320 ) (-1024 1024 192 ) 
4 56 59 (-1024 544 192 ) (-1024 992 192 ) (-736 992 192 ) (-736 544 192 ) 
4 56 58 (-1024 256 192 ) (-1024 544 192 ) (-736 544 192 ) (-736 256 192 ) 
4 56 57 (-1024 992 192 ) (-1024 1024 192 ) (-736 1024 192 ) (-736 992 192 ) 
3 57 66 (-1024 992 192 ) (-1024 1024 192 ) (-1024 1024 32 ) 
4 57 60 (-256 1024 32 ) (0 1024 32 ) (0 992 192 ) (-288 992 192 ) 
4 57 59 (-1024 1024 32 ) (-768 1024 32 ) (-736 992 192 ) (-1024 992 192 ) 
4 58 66 (-1024 256 192 ) (-1024 544 192 ) (-1024 512 32 ) (-1024 256 32 ) 
4 58 60 (0 512 32 ) (-256 512 32 ) (-288 544 192 ) (0 544 192 ) 
4 58 59 (-768 512 32 ) (-1024 512 32 ) (-1024 544 192 ) (-736 544 192 ) 
4 59 66 (-1024 544 192 ) (-1024 992 192 ) (-1024 1024 32 ) (-1024 512 32 ) 
4 61 64 (-1024 1024 576 ) (-1024 1024 992 ) (-1504 1024 992 ) (-1504 1024 576 ) 
4 61 62 (-1472 2048 576 ) (-1024 2048 576 ) (-1024 1024 576 ) (-1472 1024 576 ) 
4 62 65 (-1024 1024 192 ) (-1024 1024 576 ) (-1472 1024 576 ) (-1440 1024 192 ) 
4 62 63 (-1024 1024 192 ) (-1280 1024 192 ) (-1280 2048 192 ) (-1024 2048 192 ) 
4 63 66 (-1024 1024 32 ) (-1024 1024 192 ) (-1280 1024 192 ) (-1280 1024 32 ) 
4 64 76 (-1440 0 992 ) (-1504 0 992 ) (-1504 0 576 ) (-1440 0 576 ) 
4 64 73 (-1024 0 576 ) (-1024 0 992 ) (-1440 0 992 ) (-1440 0 576 ) 
4 64 65 (-1024 0 576 ) (-1472 0 576 ) (-1472 1024 576 ) (-1024 1024 576 ) 
3 65 77 (-1440 0 576 ) (-1472 0 576 ) (-1440 0 192 ) 
4 65 73 (-1024 0 192 ) (-1024 0 576 ) (-1440 0 576 ) (-1440 0 192 ) 
4 65 66 (-1280 1024 192 ) (-1024 1024 192 ) (-1024 256 192 ) (-1280 256 192 ) 
4 67 69 (-288 -160 352 ) (-288 -160 992 ) (-288 0 992 ) (-288 0 352 ) 
4 67 68 (-288 -160 992 ) (-288 -160 352 ) (0 -160 267.294128 ) (0 -160 992 ) 
4 68 72 (0 -448 576 ) (0 -480 960 ) (-288 -480 960 ) (-288 -448 576 ) 
5 68 69 (-288 -429.334778 352 ) (-288 -480 959.984314 ) (-288 -480 992 ) (-288 -160 992 ) (-288 -160 352 ) 
4 69 72 (-288 -448 576 ) (-288 -480 960 ) (-736 -480 960 ) (-736 -448 576 ) 
5 69 71 (-736 -429.334747 352 ) (-736 -480 959.984314 ) (-736 -480 992 ) (-736 -160 992 ) (-736 -160 352 ) 
4 69 70 (-736 -160 992 ) (-736 0 992 ) (-736 0 352 ) (-736 -160 352 ) 
4 70 73 (-1024 0 992 ) (-1024 0 192 ) (-1024 -160 192 ) (-1024 -160 992 ) 
4 70 71 (-736 -160 352 ) (-736 -160 992 ) (-1024 -160 992 ) (-1024 -160 267.294128 ) 
5 71 74 (-1024 -422.274475 267.294098 ) (-1024 -480 960 ) (-1024 -480 992 ) (-1024 -160 992 ) (-1024 -160 267.294128 ) 
4 71 72 (-736 -448 576 ) (-736 -480 960 ) (-1024 -480 960 ) (-1024 -448 576 ) 
3 72 75 (-1024 -480 576 ) (-1024 -480 960 ) (-1024 -448 576 ) 
4 73 77 (-1440 0 192 ) (-1440 -160 192 ) (-1440 -160 576 ) (-1440 0 576 ) 
4 73 76 (-1440 -160 576 ) (-1440 -160 992 ) (-1440 0 992 ) (-1440 0 576 ) 
5 73 74 (-1024 -160 992 ) (-1440 -160 992 ) (-1440 -160 192 ) (-1280 -160 192 ) (-1024 -160 267.294098 ) 
5 74 78 (-1440 -464 768 ) (-1440 -480 960 ) (-1440 -480 992 ) (-1440 -416 992 ) (-1440 -416 768 ) 
4 74 77 (-1440 -160 192 ) (-1440 -416 192 ) (-1440 -416 576 ) (-1440 -160 576 ) 
4 74 76 (-1440 -416 576 ) (-1440 -416 992 ) (-1440 -160 992 ) (-1440 -160 576 ) 
4 74 75 (-1024 -480 960.001953 ) (-1440 -480 960.001953 ) (-1440 -448 576 ) (-1024 -448 576 ) 
3 75 78 (-1440 -480 768 ) (-1440 -480 960 ) (-1440 -464 768 ) 
4 76 78 (-1504 -416 992 ) (-1504 -416 768 ) (-1440 -416 768 ) (-1440 -416 992 ) 
4 76 77 (-1440 -416 576 ) (-1472 -416 576 ) (-1472 0 576 ) (-1440 0 576 ) 
